Using pre-set license
Built from '2022.3/staging' branch; Version is '2022.3.21f1 (bf09ca542b87) revision 12519882'; Using compiler version '192829333'; Build Type 'Release'
OS: 'Windows 11  (10.0.22631) 64bit Professional' Language: 'es' Physical Memory: 16109 MB
BatchMode: 1, IsHumanControllingUs: 0, StartBugReporterOnCrash: 0, Is64bit: 1, IsPro: 1

COMMAND LINE ARGUMENTS:
C:\Program Files\Unity\Hub\Editor\2022.3.21f1\Editor\Unity.exe
-adb2
-batchMode
-noUpm
-name
AssetImportWorker0
-projectPath
C:/Users/Juan/RPGame
-logFile
Logs/AssetImportWorker0.log
-srvPort
52244
Successfully changed project path to: C:/Users/Juan/RPGame
C:/Users/Juan/RPGame
[UnityMemory] Configuration Parameters - Can be set up in boot.config
    "memorysetup-bucket-allocator-granularity=16"
    "memorysetup-bucket-allocator-bucket-count=8"
    "memorysetup-bucket-allocator-block-size=33554432"
    "memorysetup-bucket-allocator-block-count=8"
    "memorysetup-main-allocator-block-size=16777216"
    "memorysetup-thread-allocator-block-size=16777216"
    "memorysetup-gfx-main-allocator-block-size=16777216"
    "memorysetup-gfx-thread-allocator-block-size=16777216"
    "memorysetup-cache-allocator-block-size=4194304"
    "memorysetup-typetree-allocator-block-size=2097152"
    "memorysetup-profiler-bucket-allocator-granularity=16"
    "memorysetup-profiler-bucket-allocator-bucket-count=8"
    "memorysetup-profiler-bucket-allocator-block-size=33554432"
    "memorysetup-profiler-bucket-allocator-block-count=8"
    "memorysetup-profiler-allocator-block-size=16777216"
    "memorysetup-profiler-editor-allocator-block-size=1048576"
    "memorysetup-temp-allocator-size-main=16777216"
    "memorysetup-job-temp-allocator-block-size=2097152"
    "memorysetup-job-temp-allocator-block-size-background=1048576"
    "memorysetup-job-temp-allocator-reduction-small-platforms=262144"
    "memorysetup-allocator-temp-initial-block-size-main=262144"
    "memorysetup-allocator-temp-initial-block-size-worker=262144"
    "memorysetup-temp-allocator-size-background-worker=32768"
    "memorysetup-temp-allocator-size-job-worker=262144"
    "memorysetup-temp-allocator-size-preload-manager=33554432"
    "memorysetup-temp-allocator-size-nav-mesh-worker=65536"
    "memorysetup-temp-allocator-size-audio-worker=65536"
    "memorysetup-temp-allocator-size-cloud-worker=32768"
    "memorysetup-temp-allocator-size-gi-baking-worker=262144"
    "memorysetup-temp-allocator-size-gfx=262144"
Player connection [8396] Host "[IP] 192.168.1.10 [Port] 0 [Flags] 2 [Guid] 2659587329 [EditorId] 2659587329 [Version] 1048832 [Id] WindowsEditor(7,DESKTOP-4SUNC2I) [Debug] 1 [PackageName] WindowsEditor [ProjectName] Editor" joined multi-casting on [225.0.0.222:54997]...

Player connection [8396] Host "[IP] 192.168.1.10 [Port] 0 [Flags] 2 [Guid] 2659587329 [EditorId] 2659587329 [Version] 1048832 [Id] WindowsEditor(7,DESKTOP-4SUNC2I) [Debug] 1 [PackageName] WindowsEditor [ProjectName] Editor" joined alternative multi-casting on [225.0.0.222:34997]...

[Physics::Module] Initialized MultithreadedJobDispatcher with 15 workers.
Refreshing native plugins compatible for Editor in 34.18 ms, found 3 plugins.
Preloading 0 native plugins for Editor in 0.00 ms.
Initialize engine version: 2022.3.21f1 (bf09ca542b87)
[Subsystems] Discovering subsystems at path C:/Program Files/Unity/Hub/Editor/2022.3.21f1/Editor/Data/Resources/UnitySubsystems
[Subsystems] Discovering subsystems at path C:/Users/Juan/RPGame/Assets
GfxDevice: creating device client; threaded=0; jobified=0
Direct3D:
    Version:  Direct3D 11.0 [level 11.1]
    Renderer: NVIDIA GeForce RTX 3050 Laptop GPU (ID=0x25a2)
    Vendor:   NVIDIA
    VRAM:     3977 MB
    Driver:   31.0.15.3770
Initialize mono
Mono path[0] = 'C:/Program Files/Unity/Hub/Editor/2022.3.21f1/Editor/Data/Managed'
Mono path[1] = 'C:/Program Files/Unity/Hub/Editor/2022.3.21f1/Editor/Data/MonoBleedingEdge/lib/mono/unityjit-win32'
Mono config path = 'C:/Program Files/Unity/Hub/Editor/2022.3.21f1/Editor/Data/MonoBleedingEdge/etc'
Using monoOptions --debugger-agent=transport=dt_socket,embedding=1,server=y,suspend=n,address=127.0.0.1:56092
Begin MonoManager ReloadAssembly
Registering precompiled unity dll's ...
Register platform support module: C:/Program Files/Unity/Hub/Editor/2022.3.21f1/Editor/Data/PlaybackEngines/WebGLSupport/UnityEditor.WebGL.Extensions.dll
Register platform support module: C:/Program Files/Unity/Hub/Editor/2022.3.21f1/Editor/Data/PlaybackEngines/WindowsStandaloneSupport/UnityEditor.WindowsStandalone.Extensions.dll
Registered in 0.008515 seconds.
- Loaded All Assemblies, in  0.482 seconds
Native extension for WindowsStandalone target not found
Native extension for WebGL target not found
Mono: successfully reloaded assembly
- Finished resetting the current domain, in  0.267 seconds
Domain Reload Profiling: 748ms
	BeginReloadAssembly (166ms)
		ExecutionOrderSort (0ms)
		DisableScriptedObjects (0ms)
		BackupInstance (0ms)
		ReleaseScriptingObjects (0ms)
		CreateAndSetChildDomain (1ms)
	RebuildCommonClasses (45ms)
	RebuildNativeTypeToScriptingClass (10ms)
	initialDomainReloadingComplete (73ms)
	LoadAllAssembliesAndSetupDomain (186ms)
		LoadAssemblies (168ms)
		RebuildTransferFunctionScriptingTraits (0ms)
		AnalyzeDomain (181ms)
			TypeCache.Refresh (180ms)
				TypeCache.ScanAssembly (161ms)
			ScanForSourceGeneratedMonoScriptInfo (0ms)
			ResolveRequiredComponents (1ms)
	FinalizeReload (268ms)
		ReleaseScriptCaches (0ms)
		RebuildScriptCaches (0ms)
		SetupLoadedEditorAssemblies (212ms)
			LogAssemblyErrors (0ms)
			InitializePlatformSupportModulesInManaged (10ms)
			SetLoadedEditorAssemblies (5ms)
			RefreshPlugins (0ms)
			BeforeProcessingInitializeOnLoad (2ms)
			ProcessInitializeOnLoadAttributes (141ms)
			ProcessInitializeOnLoadMethodAttributes (53ms)
			AfterProcessingInitializeOnLoad (0ms)
			EditorAssembliesLoaded (0ms)
		ExecutionOrderSort2 (0ms)
		AwakeInstancesAfterBackupRestoration (0ms)
========================================================================
Worker process is ready to serve import requests
Begin MonoManager ReloadAssembly
- Loaded All Assemblies, in  0.824 seconds
Refreshing native plugins compatible for Editor in 2.69 ms, found 3 plugins.
Native extension for WindowsStandalone target not found
Native extension for WebGL target not found
Package Manager log level set to [2]
[Package Manager] Server::EnsureServerProcessIsRunning -- launch failed, reason: Unity was launched with the -noUpm command-line argument
[Package Manager] UpmClient::Send -- Unable to send message (not connected to UPM process).
[Package Manager] Cannot connect to Unity Package Manager local server
Mono: successfully reloaded assembly
- Finished resetting the current domain, in  0.576 seconds
Domain Reload Profiling: 1398ms
	BeginReloadAssembly (162ms)
		ExecutionOrderSort (0ms)
		DisableScriptedObjects (4ms)
		BackupInstance (0ms)
		ReleaseScriptingObjects (0ms)
		CreateAndSetChildDomain (20ms)
	RebuildCommonClasses (29ms)
	RebuildNativeTypeToScriptingClass (8ms)
	initialDomainReloadingComplete (39ms)
	LoadAllAssembliesAndSetupDomain (585ms)
		LoadAssemblies (423ms)
		RebuildTransferFunctionScriptingTraits (0ms)
		AnalyzeDomain (256ms)
			TypeCache.Refresh (222ms)
				TypeCache.ScanAssembly (203ms)
			ScanForSourceGeneratedMonoScriptInfo (23ms)
			ResolveRequiredComponents (10ms)
	FinalizeReload (577ms)
		ReleaseScriptCaches (0ms)
		RebuildScriptCaches (0ms)
		SetupLoadedEditorAssemblies (431ms)
			LogAssemblyErrors (0ms)
			InitializePlatformSupportModulesInManaged (6ms)
			SetLoadedEditorAssemblies (3ms)
			RefreshPlugins (0ms)
			BeforeProcessingInitializeOnLoad (53ms)
			ProcessInitializeOnLoadAttributes (344ms)
			ProcessInitializeOnLoadMethodAttributes (20ms)
			AfterProcessingInitializeOnLoad (6ms)
			EditorAssembliesLoaded (0ms)
		ExecutionOrderSort2 (0ms)
		AwakeInstancesAfterBackupRestoration (6ms)
Launched and connected shader compiler UnityShaderCompiler.exe after 0.05 seconds
Refreshing native plugins compatible for Editor in 3.78 ms, found 3 plugins.
Preloading 0 native plugins for Editor in 0.00 ms.
Unloading 3669 Unused Serialized files (Serialized files now loaded: 0)
Unloading 52 unused Assets / (130.9 KB). Loaded Objects now: 4129.
Memory consumption went from 139.2 MB to 139.1 MB.
Total: 3.386600 ms (FindLiveObjects: 0.297600 ms CreateObjectMapping: 0.122600 ms MarkObjects: 2.795700 ms  DeleteObjects: 0.168800 ms)

AssetImportParameters requested are different than current active one (requested -> active):
  custom:container-demuxer-ogg: 62fdf1f143b41e24485cea50d1cbac27 -> 
  custom:video-codec-MediaFoundation-h265: 746d11721c4dcdbdad8f713fa42b33f4 -> 
  custom:video-decoder-ogg-theora: a1e56fd34408186e4bbccfd4996cb3dc -> 
  custom:framework-win-MediaFoundation: 216162199b28c13a410421893ffa2e32 -> 
  custom:CustomObjectIndexerAttribute: 9a22284fe3817be447336de3de66b15e -> 
  custom:container-demuxer-webm: 4f35f7cbe854078d1ac9338744f61a02 -> 
  custom:container-muxer-webm: aa71ff27fc2769a1b78a27578f13a17b -> 
  custom:video-decoder-webm-vp8: 9c59270c3fd7afecdb556c50c9e8de78 -> 
  custom:SearchIndexIgnoredProperties: e643bd26f0fe6173181afceb89e7c659 -> 
  custom:AudioImporter_EditorPlatform: d09bf68614088b80899f8185d706f6e7 -> 
  custom:video-encoder-webm-vp8: eb34c28f22e8b96e1ab97ce403110664 -> 
  custom:audio-decoder-ogg-vorbis: bf7c407c2cedff20999df2af8eb42d56 -> 
  custom:audio-encoder-webm-vorbis: bf7c407c2cedff20999df2af8eb42d56 -> 
========================================================================
Received Prepare
Begin MonoManager ReloadAssembly
- Loaded All Assemblies, in  0.522 seconds
Refreshing native plugins compatible for Editor in 5.40 ms, found 3 plugins.
Native extension for WindowsStandalone target not found
Native extension for WebGL target not found
[Package Manager] Server::EnsureServerProcessIsRunning -- launch failed, reason: Unity was launched with the -noUpm command-line argument
[Package Manager] UpmClient::Send -- Unable to send message (not connected to UPM process).
[Package Manager] Cannot connect to Unity Package Manager local server
Mono: successfully reloaded assembly
- Finished resetting the current domain, in  1.037 seconds
Domain Reload Profiling: 1556ms
	BeginReloadAssembly (200ms)
		ExecutionOrderSort (0ms)
		DisableScriptedObjects (7ms)
		BackupInstance (0ms)
		ReleaseScriptingObjects (0ms)
		CreateAndSetChildDomain (48ms)
	RebuildCommonClasses (36ms)
	RebuildNativeTypeToScriptingClass (9ms)
	initialDomainReloadingComplete (40ms)
	LoadAllAssembliesAndSetupDomain (234ms)
		LoadAssemblies (324ms)
		RebuildTransferFunctionScriptingTraits (0ms)
		AnalyzeDomain (17ms)
			TypeCache.Refresh (8ms)
				TypeCache.ScanAssembly (0ms)
			ScanForSourceGeneratedMonoScriptInfo (0ms)
			ResolveRequiredComponents (8ms)
	FinalizeReload (1037ms)
		ReleaseScriptCaches (0ms)
		RebuildScriptCaches (0ms)
		SetupLoadedEditorAssemblies (523ms)
			LogAssemblyErrors (0ms)
			InitializePlatformSupportModulesInManaged (8ms)
			SetLoadedEditorAssemblies (6ms)
			RefreshPlugins (0ms)
			BeforeProcessingInitializeOnLoad (72ms)
			ProcessInitializeOnLoadAttributes (413ms)
			ProcessInitializeOnLoadMethodAttributes (18ms)
			AfterProcessingInitializeOnLoad (5ms)
			EditorAssembliesLoaded (0ms)
		ExecutionOrderSort2 (0ms)
		AwakeInstancesAfterBackupRestoration (5ms)
Refreshing native plugins compatible for Editor in 3.52 ms, found 3 plugins.
Preloading 0 native plugins for Editor in 0.00 ms.
Unloading 3653 Unused Serialized files (Serialized files now loaded: 0)
Unloading 25 unused Assets / (102.8 KB). Loaded Objects now: 4144.
Memory consumption went from 137.8 MB to 137.7 MB.
Total: 3.658300 ms (FindLiveObjects: 0.331000 ms CreateObjectMapping: 0.147400 ms MarkObjects: 3.097600 ms  DeleteObjects: 0.081200 ms)

Prepare: number of updated asset objects reloaded= 0
AssetImportParameters requested are different than current active one (requested -> active):
  custom:container-demuxer-ogg: 62fdf1f143b41e24485cea50d1cbac27 -> 
  custom:video-codec-MediaFoundation-h265: 746d11721c4dcdbdad8f713fa42b33f4 -> 
  custom:video-decoder-ogg-theora: a1e56fd34408186e4bbccfd4996cb3dc -> 
  custom:framework-win-MediaFoundation: 216162199b28c13a410421893ffa2e32 -> 
  custom:CustomObjectIndexerAttribute: 9a22284fe3817be447336de3de66b15e -> 
  custom:container-demuxer-webm: 4f35f7cbe854078d1ac9338744f61a02 -> 
  custom:container-muxer-webm: aa71ff27fc2769a1b78a27578f13a17b -> 
  custom:video-decoder-webm-vp8: 9c59270c3fd7afecdb556c50c9e8de78 -> 
  custom:SearchIndexIgnoredProperties: e643bd26f0fe6173181afceb89e7c659 -> 
  custom:AudioImporter_EditorPlatform: d09bf68614088b80899f8185d706f6e7 -> 
  custom:video-encoder-webm-vp8: eb34c28f22e8b96e1ab97ce403110664 -> 
  custom:audio-decoder-ogg-vorbis: bf7c407c2cedff20999df2af8eb42d56 -> 
  custom:audio-encoder-webm-vorbis: bf7c407c2cedff20999df2af8eb42d56 -> 
========================================================================
Received Prepare
Begin MonoManager ReloadAssembly
- Loaded All Assemblies, in  0.397 seconds
Refreshing native plugins compatible for Editor in 3.37 ms, found 3 plugins.
Native extension for WindowsStandalone target not found
Native extension for WebGL target not found
[Package Manager] Server::EnsureServerProcessIsRunning -- launch failed, reason: Unity was launched with the -noUpm command-line argument
[Package Manager] UpmClient::Send -- Unable to send message (not connected to UPM process).
[Package Manager] Cannot connect to Unity Package Manager local server
Mono: successfully reloaded assembly
- Finished resetting the current domain, in  0.940 seconds
Domain Reload Profiling: 1334ms
	BeginReloadAssembly (146ms)
		ExecutionOrderSort (0ms)
		DisableScriptedObjects (4ms)
		BackupInstance (0ms)
		ReleaseScriptingObjects (0ms)
		CreateAndSetChildDomain (37ms)
	RebuildCommonClasses (23ms)
	RebuildNativeTypeToScriptingClass (8ms)
	initialDomainReloadingComplete (24ms)
	LoadAllAssembliesAndSetupDomain (192ms)
		LoadAssemblies (247ms)
		RebuildTransferFunctionScriptingTraits (0ms)
		AnalyzeDomain (12ms)
			TypeCache.Refresh (5ms)
				TypeCache.ScanAssembly (0ms)
			ScanForSourceGeneratedMonoScriptInfo (0ms)
			ResolveRequiredComponents (5ms)
	FinalizeReload (940ms)
		ReleaseScriptCaches (0ms)
		RebuildScriptCaches (0ms)
		SetupLoadedEditorAssemblies (466ms)
			LogAssemblyErrors (0ms)
			InitializePlatformSupportModulesInManaged (9ms)
			SetLoadedEditorAssemblies (4ms)
			RefreshPlugins (0ms)
			BeforeProcessingInitializeOnLoad (65ms)
			ProcessInitializeOnLoadAttributes (361ms)
			ProcessInitializeOnLoadMethodAttributes (19ms)
			AfterProcessingInitializeOnLoad (7ms)
			EditorAssembliesLoaded (0ms)
		ExecutionOrderSort2 (0ms)
		AwakeInstancesAfterBackupRestoration (7ms)
Refreshing native plugins compatible for Editor in 2.73 ms, found 3 plugins.
Preloading 0 native plugins for Editor in 0.00 ms.
Unloading 3653 Unused Serialized files (Serialized files now loaded: 0)
Unloading 25 unused Assets / (102.9 KB). Loaded Objects now: 4159.
Memory consumption went from 139.7 MB to 139.6 MB.
Total: 3.130000 ms (FindLiveObjects: 0.207600 ms CreateObjectMapping: 0.086900 ms MarkObjects: 2.775400 ms  DeleteObjects: 0.058900 ms)

Prepare: number of updated asset objects reloaded= 0
AssetImportParameters requested are different than current active one (requested -> active):
  custom:container-demuxer-ogg: 62fdf1f143b41e24485cea50d1cbac27 -> 
  custom:video-codec-MediaFoundation-h265: 746d11721c4dcdbdad8f713fa42b33f4 -> 
  custom:video-decoder-ogg-theora: a1e56fd34408186e4bbccfd4996cb3dc -> 
  custom:framework-win-MediaFoundation: 216162199b28c13a410421893ffa2e32 -> 
  custom:CustomObjectIndexerAttribute: 9a22284fe3817be447336de3de66b15e -> 
  custom:container-demuxer-webm: 4f35f7cbe854078d1ac9338744f61a02 -> 
  custom:container-muxer-webm: aa71ff27fc2769a1b78a27578f13a17b -> 
  custom:video-decoder-webm-vp8: 9c59270c3fd7afecdb556c50c9e8de78 -> 
  custom:SearchIndexIgnoredProperties: e643bd26f0fe6173181afceb89e7c659 -> 
  custom:AudioImporter_EditorPlatform: d09bf68614088b80899f8185d706f6e7 -> 
  custom:video-encoder-webm-vp8: eb34c28f22e8b96e1ab97ce403110664 -> 
  custom:audio-decoder-ogg-vorbis: bf7c407c2cedff20999df2af8eb42d56 -> 
  custom:audio-encoder-webm-vorbis: bf7c407c2cedff20999df2af8eb42d56 -> 
========================================================================
Received Prepare
Begin MonoManager ReloadAssembly
- Loaded All Assemblies, in  0.418 seconds
Refreshing native plugins compatible for Editor in 3.22 ms, found 3 plugins.
Native extension for WindowsStandalone target not found
Native extension for WebGL target not found
[Package Manager] Server::EnsureServerProcessIsRunning -- launch failed, reason: Unity was launched with the -noUpm command-line argument
[Package Manager] UpmClient::Send -- Unable to send message (not connected to UPM process).
[Package Manager] Cannot connect to Unity Package Manager local server
Mono: successfully reloaded assembly
- Finished resetting the current domain, in  0.952 seconds
Domain Reload Profiling: 1368ms
	BeginReloadAssembly (164ms)
		ExecutionOrderSort (0ms)
		DisableScriptedObjects (9ms)
		BackupInstance (0ms)
		ReleaseScriptingObjects (0ms)
		CreateAndSetChildDomain (37ms)
	RebuildCommonClasses (24ms)
	RebuildNativeTypeToScriptingClass (7ms)
	initialDomainReloadingComplete (22ms)
	LoadAllAssembliesAndSetupDomain (198ms)
		LoadAssemblies (258ms)
		RebuildTransferFunctionScriptingTraits (0ms)
		AnalyzeDomain (15ms)
			TypeCache.Refresh (8ms)
				TypeCache.ScanAssembly (0ms)
			ScanForSourceGeneratedMonoScriptInfo (0ms)
			ResolveRequiredComponents (5ms)
	FinalizeReload (952ms)
		ReleaseScriptCaches (0ms)
		RebuildScriptCaches (0ms)
		SetupLoadedEditorAssemblies (459ms)
			LogAssemblyErrors (0ms)
			InitializePlatformSupportModulesInManaged (8ms)
			SetLoadedEditorAssemblies (4ms)
			RefreshPlugins (0ms)
			BeforeProcessingInitializeOnLoad (63ms)
			ProcessInitializeOnLoadAttributes (359ms)
			ProcessInitializeOnLoadMethodAttributes (18ms)
			AfterProcessingInitializeOnLoad (7ms)
			EditorAssembliesLoaded (0ms)
		ExecutionOrderSort2 (0ms)
		AwakeInstancesAfterBackupRestoration (7ms)
Refreshing native plugins compatible for Editor in 3.24 ms, found 3 plugins.
Preloading 0 native plugins for Editor in 0.00 ms.
Unloading 3653 Unused Serialized files (Serialized files now loaded: 0)
Unloading 25 unused Assets / (102.8 KB). Loaded Objects now: 4174.
Memory consumption went from 141.7 MB to 141.5 MB.
Total: 3.511500 ms (FindLiveObjects: 0.209700 ms CreateObjectMapping: 0.096400 ms MarkObjects: 3.108700 ms  DeleteObjects: 0.095600 ms)

Prepare: number of updated asset objects reloaded= 0
AssetImportParameters requested are different than current active one (requested -> active):
  custom:container-demuxer-ogg: 62fdf1f143b41e24485cea50d1cbac27 -> 
  custom:video-codec-MediaFoundation-h265: 746d11721c4dcdbdad8f713fa42b33f4 -> 
  custom:video-decoder-ogg-theora: a1e56fd34408186e4bbccfd4996cb3dc -> 
  custom:framework-win-MediaFoundation: 216162199b28c13a410421893ffa2e32 -> 
  custom:CustomObjectIndexerAttribute: 9a22284fe3817be447336de3de66b15e -> 
  custom:container-demuxer-webm: 4f35f7cbe854078d1ac9338744f61a02 -> 
  custom:container-muxer-webm: aa71ff27fc2769a1b78a27578f13a17b -> 
  custom:video-decoder-webm-vp8: 9c59270c3fd7afecdb556c50c9e8de78 -> 
  custom:SearchIndexIgnoredProperties: e643bd26f0fe6173181afceb89e7c659 -> 
  custom:AudioImporter_EditorPlatform: d09bf68614088b80899f8185d706f6e7 -> 
  custom:video-encoder-webm-vp8: eb34c28f22e8b96e1ab97ce403110664 -> 
  custom:audio-decoder-ogg-vorbis: bf7c407c2cedff20999df2af8eb42d56 -> 
  custom:audio-encoder-webm-vorbis: bf7c407c2cedff20999df2af8eb42d56 -> 
========================================================================
Received Import Request.
  Time since last request: 526264.798142 seconds.
  path: Assets/Player ExplosiveLLC/RPG Character Animations/Animations/Unarmed/RPG-Character@Unarmed-Run-Forward.FBX
  artifactKey: Guid(a7e98d51bd73b0348b47acf6a9f02766) Importer(815301076,1909f56bfc062723c751e8b465ee728b)
Start importing Assets/Player ExplosiveLLC/RPG Character Animations/Animations/Unarmed/RPG-Character@Unarmed-Run-Forward.FBX using Guid(a7e98d51bd73b0348b47acf6a9f02766) Importer(815301076,1909f56bfc062723c751e8b465ee728b)  -> (artifact id: 'c2ad37bd1447e2a0c775d0a01a3d261b') in 0.031071 seconds
Number of updated asset objects reloaded before import = 0
Number of asset objects unloaded after import = 113
========================================================================
Received Import Request.
  Time since last request: 0.000018 seconds.
  path: Assets/Player ExplosiveLLC/RPG Character Animations/Animations/Unarmed/RPG-Character@Unarmed-GetHit-R1.FBX
  artifactKey: Guid(4a8c4ee06f0c2c942b970ffc15726000) Importer(815301076,1909f56bfc062723c751e8b465ee728b)
Start importing Assets/Player ExplosiveLLC/RPG Character Animations/Animations/Unarmed/RPG-Character@Unarmed-GetHit-R1.FBX using Guid(4a8c4ee06f0c2c942b970ffc15726000) Importer(815301076,1909f56bfc062723c751e8b465ee728b)  -> (artifact id: 'f2d8b594eaf5d6489ae027c5b0b1144f') in 0.004256 seconds
Number of updated asset objects reloaded before import = 0
Number of asset objects unloaded after import = 113
========================================================================
Received Import Request.
  Time since last request: 0.000010 seconds.
  path: Assets/Player ExplosiveLLC/RPG Character Animations/Animations/Unarmed/RPG-Character@Unarmed-Getup1.FBX
  artifactKey: Guid(aee3a8eae90af134a88f3b6209e7cbdc) Importer(815301076,1909f56bfc062723c751e8b465ee728b)
Start importing Assets/Player ExplosiveLLC/RPG Character Animations/Animations/Unarmed/RPG-Character@Unarmed-Getup1.FBX using Guid(aee3a8eae90af134a88f3b6209e7cbdc) Importer(815301076,1909f56bfc062723c751e8b465ee728b)  -> (artifact id: '5ae4643b8398554358f199e64d27d988') in 0.003849 seconds
Number of updated asset objects reloaded before import = 0
Number of asset objects unloaded after import = 113
========================================================================
Received Import Request.
  Time since last request: 0.000009 seconds.
  path: Assets/Player ExplosiveLLC/RPG Character Animations/Animations/Unarmed/RPG-Character@Unarmed-Idle.FBX
  artifactKey: Guid(94c75858633b4e04f9e28db3b52b2bba) Importer(815301076,1909f56bfc062723c751e8b465ee728b)
Start importing Assets/Player ExplosiveLLC/RPG Character Animations/Animations/Unarmed/RPG-Character@Unarmed-Idle.FBX using Guid(94c75858633b4e04f9e28db3b52b2bba) Importer(815301076,1909f56bfc062723c751e8b465ee728b)  -> (artifact id: 'ae3bbaf8da12c902ea4faa87de46990e') in 0.005981 seconds
Number of updated asset objects reloaded before import = 0
Number of asset objects unloaded after import = 113
========================================================================
Received Import Request.
  Time since last request: 0.000013 seconds.
  path: Assets/Player ExplosiveLLC/RPG Character Animations/Animations/Unarmed/RPG-Character@Unarmed-Idle-Alert1.FBX
  artifactKey: Guid(806843cceef7cc9468d4ceccd1b7edf3) Importer(815301076,1909f56bfc062723c751e8b465ee728b)
Start importing Assets/Player ExplosiveLLC/RPG Character Animations/Animations/Unarmed/RPG-Character@Unarmed-Idle-Alert1.FBX using Guid(806843cceef7cc9468d4ceccd1b7edf3) Importer(815301076,1909f56bfc062723c751e8b465ee728b)  -> (artifact id: '9373a505946d9477127a360bfec3c7e6') in 0.005022 seconds
Number of updated asset objects reloaded before import = 0
Number of asset objects unloaded after import = 113
========================================================================
Received Import Request.
  Time since last request: 0.063361 seconds.
  path: Assets/Player ExplosiveLLC/RPG Character Animations/Animations/Unarmed/RPG-Character@Unarmed-Idle-Injured1.FBX
  artifactKey: Guid(c6fcae89c2e3c8a48a1c5b8f55958abe) Importer(815301076,1909f56bfc062723c751e8b465ee728b)
Start importing Assets/Player ExplosiveLLC/RPG Character Animations/Animations/Unarmed/RPG-Character@Unarmed-Idle-Injured1.FBX using Guid(c6fcae89c2e3c8a48a1c5b8f55958abe) Importer(815301076,1909f56bfc062723c751e8b465ee728b)  -> (artifact id: 'f8a0e7d46d39bf09d56f49f44da21234') in 0.035291 seconds
Number of updated asset objects reloaded before import = 0
Number of asset objects unloaded after import = 113
========================================================================
Received Import Request.
  Time since last request: 0.000223 seconds.
  path: Assets/Player ExplosiveLLC/RPG Character Animations/Animations/Unarmed/RPG-Character@Unarmed-Pickup.FBX
  artifactKey: Guid(90a8124a76c76fa4f952d6c63a21f618) Importer(815301076,1909f56bfc062723c751e8b465ee728b)
Start importing Assets/Player ExplosiveLLC/RPG Character Animations/Animations/Unarmed/RPG-Character@Unarmed-Pickup.FBX using Guid(90a8124a76c76fa4f952d6c63a21f618) Importer(815301076,1909f56bfc062723c751e8b465ee728b)  -> (artifact id: '76889b9a2231a5e0e1e822d2b6ac47b4') in 0.004888 seconds
Number of updated asset objects reloaded before import = 0
Number of asset objects unloaded after import = 113
========================================================================
Received Import Request.
  Time since last request: 0.000171 seconds.
  path: Assets/Player ExplosiveLLC/RPG Character Animations/Animations/Unarmed/RPG-Character@Unarmed-Jump-Flip.FBX
  artifactKey: Guid(79e31c86fd172bc439fb920de8bae7c5) Importer(815301076,1909f56bfc062723c751e8b465ee728b)
Start importing Assets/Player ExplosiveLLC/RPG Character Animations/Animations/Unarmed/RPG-Character@Unarmed-Jump-Flip.FBX using Guid(79e31c86fd172bc439fb920de8bae7c5) Importer(815301076,1909f56bfc062723c751e8b465ee728b)  -> (artifact id: 'f0bb6af24fa2aa9a440767b14b0dfbda') in 0.004124 seconds
Number of updated asset objects reloaded before import = 0
Number of asset objects unloaded after import = 113
========================================================================
Received Import Request.
  Time since last request: 0.000158 seconds.
  path: Assets/Player ExplosiveLLC/RPG Character Animations/Animations/Unarmed/RPG-Character@Unarmed-Revive1.FBX
  artifactKey: Guid(af86a4047db46444fa59cbc506cc4689) Importer(815301076,1909f56bfc062723c751e8b465ee728b)
Start importing Assets/Player ExplosiveLLC/RPG Character Animations/Animations/Unarmed/RPG-Character@Unarmed-Revive1.FBX using Guid(af86a4047db46444fa59cbc506cc4689) Importer(815301076,1909f56bfc062723c751e8b465ee728b)  -> (artifact id: 'e30b2c78ac42fffe642e413bb2a02a76') in 0.005689 seconds
Number of updated asset objects reloaded before import = 0
Number of asset objects unloaded after import = 113
========================================================================
Received Import Request.
  Time since last request: 0.000137 seconds.
  path: Assets/Player ExplosiveLLC/RPG Character Animations/Animations/Unarmed/RPG-Character@Unarmed-GetHit-L1.FBX
  artifactKey: Guid(e6b48830c0e82694daca1c0281422e0e) Importer(815301076,1909f56bfc062723c751e8b465ee728b)
Start importing Assets/Player ExplosiveLLC/RPG Character Animations/Animations/Unarmed/RPG-Character@Unarmed-GetHit-L1.FBX using Guid(e6b48830c0e82694daca1c0281422e0e) Importer(815301076,1909f56bfc062723c751e8b465ee728b)  -> (artifact id: '0ecf99c9ef563bdcbf1e7b86339f200b') in 0.004370 seconds
Number of updated asset objects reloaded before import = 0
Number of asset objects unloaded after import = 113
========================================================================
Received Import Request.
  Time since last request: 0.000293 seconds.
  path: Assets/Player ExplosiveLLC/RPG Character Animations/Animations/Unarmed/RPG-Character@Unarmed-Knockback-Back2.FBX
  artifactKey: Guid(00da53bccc2999e4f82c7868a620854c) Importer(815301076,1909f56bfc062723c751e8b465ee728b)
Start importing Assets/Player ExplosiveLLC/RPG Character Animations/Animations/Unarmed/RPG-Character@Unarmed-Knockback-Back2.FBX using Guid(00da53bccc2999e4f82c7868a620854c) Importer(815301076,1909f56bfc062723c751e8b465ee728b)  -> (artifact id: 'a57755903751e9e1f735c1a8ba4474e3') in 0.014026 seconds
Number of updated asset objects reloaded before import = 0
Number of asset objects unloaded after import = 113
========================================================================
Received Import Request.
  Time since last request: 0.000013 seconds.
  path: Assets/Player ExplosiveLLC/RPG Character Animations/Animations/Unarmed/RPG-Character@Unarmed-Knockdown1.FBX
  artifactKey: Guid(7f0b16d67db4d0349993822251b989b3) Importer(815301076,1909f56bfc062723c751e8b465ee728b)
Start importing Assets/Player ExplosiveLLC/RPG Character Animations/Animations/Unarmed/RPG-Character@Unarmed-Knockdown1.FBX using Guid(7f0b16d67db4d0349993822251b989b3) Importer(815301076,1909f56bfc062723c751e8b465ee728b)  -> (artifact id: '653b6d252bbd4bb87e0c43433780f9a9') in 0.029881 seconds
Number of updated asset objects reloaded before import = 0
Number of asset objects unloaded after import = 113
========================================================================
Received Import Request.
  Time since last request: 0.000022 seconds.
  path: Assets/Player ExplosiveLLC/RPG Character Animations/Animations/Unarmed/RPG-Character@Unarmed-Roll-Right.FBX
  artifactKey: Guid(a34ca3f7a1f5a6d468d6a9dc3f8db3f7) Importer(815301076,1909f56bfc062723c751e8b465ee728b)
Start importing Assets/Player ExplosiveLLC/RPG Character Animations/Animations/Unarmed/RPG-Character@Unarmed-Roll-Right.FBX using Guid(a34ca3f7a1f5a6d468d6a9dc3f8db3f7) Importer(815301076,1909f56bfc062723c751e8b465ee728b)  -> (artifact id: '1210a36fa261e6213ddde40464791438') in 0.062749 seconds
Number of updated asset objects reloaded before import = 0
Number of asset objects unloaded after import = 113
========================================================================
Received Import Request.
  Time since last request: 0.000496 seconds.
  path: Assets/Player ExplosiveLLC/RPG Character Animations/Animations/Unarmed/RPG-Character@Unarmed-Run-Right.FBX
  artifactKey: Guid(a76b11de25f4d4e4ab91d27f3603c7e7) Importer(815301076,1909f56bfc062723c751e8b465ee728b)
Start importing Assets/Player ExplosiveLLC/RPG Character Animations/Animations/Unarmed/RPG-Character@Unarmed-Run-Right.FBX using Guid(a76b11de25f4d4e4ab91d27f3603c7e7) Importer(815301076,1909f56bfc062723c751e8b465ee728b)  -> (artifact id: 'b7224a0f373847f4b483b1885ce8105c') in 0.005117 seconds
Number of updated asset objects reloaded before import = 0
Number of asset objects unloaded after import = 113
========================================================================
Received Import Request.
  Time since last request: 0.000136 seconds.
  path: Assets/Player ExplosiveLLC/RPG Character Animations/Animations/Unarmed/RPG-Character@Unarmed-Run-Backward.FBX
  artifactKey: Guid(554523467ee8d4b4ea1722aed5070b8a) Importer(815301076,1909f56bfc062723c751e8b465ee728b)
Start importing Assets/Player ExplosiveLLC/RPG Character Animations/Animations/Unarmed/RPG-Character@Unarmed-Run-Backward.FBX using Guid(554523467ee8d4b4ea1722aed5070b8a) Importer(815301076,1909f56bfc062723c751e8b465ee728b)  -> (artifact id: '421e4ac9b78007d7bf9fe81a31a869b3') in 0.005248 seconds
Number of updated asset objects reloaded before import = 0
Number of asset objects unloaded after import = 113
========================================================================
Received Import Request.
  Time since last request: 0.000014 seconds.
  path: Assets/Player ExplosiveLLC/RPG Character Animations/Animations/Unarmed/RPG-Character@Unarmed-Strafe-Backward.FBX
  artifactKey: Guid(e3ce9218d72c10841bbd95cd901792d4) Importer(815301076,1909f56bfc062723c751e8b465ee728b)
Start importing Assets/Player ExplosiveLLC/RPG Character Animations/Animations/Unarmed/RPG-Character@Unarmed-Strafe-Backward.FBX using Guid(e3ce9218d72c10841bbd95cd901792d4) Importer(815301076,1909f56bfc062723c751e8b465ee728b)  -> (artifact id: 'ecd0a1f4acd1a5e99b22e5cfecc24721') in 0.004935 seconds
Number of updated asset objects reloaded before import = 0
Number of asset objects unloaded after import = 113
========================================================================
Received Import Request.
  Time since last request: 0.000012 seconds.
  path: Assets/Player ExplosiveLLC/RPG Character Animations/Animations/Unarmed/RPG-Character@Unarmed-Strafe-Backward-Right.FBX
  artifactKey: Guid(7cb280337cb0fdd4399af55c6ab24dc7) Importer(815301076,1909f56bfc062723c751e8b465ee728b)
Start importing Assets/Player ExplosiveLLC/RPG Character Animations/Animations/Unarmed/RPG-Character@Unarmed-Strafe-Backward-Right.FBX using Guid(7cb280337cb0fdd4399af55c6ab24dc7) Importer(815301076,1909f56bfc062723c751e8b465ee728b)  -> (artifact id: 'fef054d367e6fdaab5f5d6517ff186f9') in 0.005966 seconds
Number of updated asset objects reloaded before import = 0
Number of asset objects unloaded after import = 117
========================================================================
Received Import Request.
  Time since last request: 0.000015 seconds.
  path: Assets/Player ExplosiveLLC/RPG Character Animations/Animations/Unarmed/RPG-Character@Unarmed-Roll-Backward.FBX
  artifactKey: Guid(8d21a4032c375344093254ff3493a82f) Importer(815301076,1909f56bfc062723c751e8b465ee728b)
Start importing Assets/Player ExplosiveLLC/RPG Character Animations/Animations/Unarmed/RPG-Character@Unarmed-Roll-Backward.FBX using Guid(8d21a4032c375344093254ff3493a82f) Importer(815301076,1909f56bfc062723c751e8b465ee728b)  -> (artifact id: '2d27756819f00c36f5bd48abdfd60ff6') in 0.003704 seconds
Number of updated asset objects reloaded before import = 0
Number of asset objects unloaded after import = 113
========================================================================
Received Import Request.
  Time since last request: 0.000015 seconds.
  path: Assets/Player ExplosiveLLC/RPG Character Animations/Animations/Unarmed/RPG-Character@Unarmed-Jump.FBX
  artifactKey: Guid(39c1e8b66fab3ba418b191caaf714f42) Importer(815301076,1909f56bfc062723c751e8b465ee728b)
Start importing Assets/Player ExplosiveLLC/RPG Character Animations/Animations/Unarmed/RPG-Character@Unarmed-Jump.FBX using Guid(39c1e8b66fab3ba418b191caaf714f42) Importer(815301076,1909f56bfc062723c751e8b465ee728b)  -> (artifact id: 'fb36d50a5980b0f2129580ab9f6dd257') in 0.006280 seconds
Number of updated asset objects reloaded before import = 0
Number of asset objects unloaded after import = 114
========================================================================
Received Import Request.
  Time since last request: 0.000014 seconds.
  path: Assets/Player ExplosiveLLC/RPG Character Animations/Animations/Unarmed/RPG-Character@Unarmed-Strafe-Right.FBX
  artifactKey: Guid(6cbfc0656c630a3449739ce9ddffed2f) Importer(815301076,1909f56bfc062723c751e8b465ee728b)
Start importing Assets/Player ExplosiveLLC/RPG Character Animations/Animations/Unarmed/RPG-Character@Unarmed-Strafe-Right.FBX using Guid(6cbfc0656c630a3449739ce9ddffed2f) Importer(815301076,1909f56bfc062723c751e8b465ee728b)  -> (artifact id: 'b08fe0b53b752c959830524c7ab34dd6') in 0.006611 seconds
Number of updated asset objects reloaded before import = 0
Number of asset objects unloaded after import = 113
========================================================================
Received Import Request.
  Time since last request: 0.000012 seconds.
  path: Assets/Player ExplosiveLLC/RPG Character Animations/Animations/Unarmed/RPG-Character@Unarmed-Stunned.FBX
  artifactKey: Guid(5b3833fc8bf3c7d4eb21a48c14ead54b) Importer(815301076,1909f56bfc062723c751e8b465ee728b)
Start importing Assets/Player ExplosiveLLC/RPG Character Animations/Animations/Unarmed/RPG-Character@Unarmed-Stunned.FBX using Guid(5b3833fc8bf3c7d4eb21a48c14ead54b) Importer(815301076,1909f56bfc062723c751e8b465ee728b)  -> (artifact id: '06290ec03eda0b10704b29f77a266efc') in 0.004225 seconds
Number of updated asset objects reloaded before import = 0
Number of asset objects unloaded after import = 113
========================================================================
Received Import Request.
  Time since last request: 0.000013 seconds.
  path: Assets/Player ExplosiveLLC/RPG Character Animations/Animations/Unarmed/RPG-Character@Unarmed-Turn-Left-90.FBX
  artifactKey: Guid(a1224c67eb8b0a24287e57ccdc2a4198) Importer(815301076,1909f56bfc062723c751e8b465ee728b)
Start importing Assets/Player ExplosiveLLC/RPG Character Animations/Animations/Unarmed/RPG-Character@Unarmed-Turn-Left-90.FBX using Guid(a1224c67eb8b0a24287e57ccdc2a4198) Importer(815301076,1909f56bfc062723c751e8b465ee728b)  -> (artifact id: 'a1d6d5e1cf959300f09e6569b906403f') in 0.007803 seconds
Number of updated asset objects reloaded before import = 0
Number of asset objects unloaded after import = 113
========================================================================
Received Import Request.
  Time since last request: 0.000018 seconds.
  path: Assets/Player ExplosiveLLC/RPG Character Animations/Animations/Unarmed/RPG-Character@Unarmed-Turn-Left-180.FBX
  artifactKey: Guid(5296b191304307e4d8159bdb66ea8ff4) Importer(815301076,1909f56bfc062723c751e8b465ee728b)
Start importing Assets/Player ExplosiveLLC/RPG Character Animations/Animations/Unarmed/RPG-Character@Unarmed-Turn-Left-180.FBX using Guid(5296b191304307e4d8159bdb66ea8ff4) Importer(815301076,1909f56bfc062723c751e8b465ee728b)  -> (artifact id: '66860c1359efc177089d94db6c6938b9') in 0.012508 seconds
Number of updated asset objects reloaded before import = 0
Number of asset objects unloaded after import = 113
========================================================================
Received Import Request.
  Time since last request: 0.000024 seconds.
  path: Assets/Player ExplosiveLLC/RPG Character Animations/Animations/Unarmed/RPG-Character@Unarmed-Turn-Right-180.FBX
  artifactKey: Guid(1c8606f7ea8905d4490d5711dbe15e27) Importer(815301076,1909f56bfc062723c751e8b465ee728b)
Start importing Assets/Player ExplosiveLLC/RPG Character Animations/Animations/Unarmed/RPG-Character@Unarmed-Turn-Right-180.FBX using Guid(1c8606f7ea8905d4490d5711dbe15e27) Importer(815301076,1909f56bfc062723c751e8b465ee728b)  -> (artifact id: '4d9782544a54a33709270d1003ea5f47') in 0.005044 seconds
Number of updated asset objects reloaded before import = 0
Number of asset objects unloaded after import = 113
========================================================================
Received Import Request.
  Time since last request: 0.000017 seconds.
  path: Assets/Player ExplosiveLLC/RPG Character Animations/Animations/Unarmed/RPG-Character@Unarmed-Turn-Right-90.FBX
  artifactKey: Guid(ad6bbac1bb3b4af449c00c9080bddac5) Importer(815301076,1909f56bfc062723c751e8b465ee728b)
Start importing Assets/Player ExplosiveLLC/RPG Character Animations/Animations/Unarmed/RPG-Character@Unarmed-Turn-Right-90.FBX using Guid(ad6bbac1bb3b4af449c00c9080bddac5) Importer(815301076,1909f56bfc062723c751e8b465ee728b)  -> (artifact id: '6a85b661d2ded6a46aec1d3fbc136907') in 0.008758 seconds
Number of updated asset objects reloaded before import = 0
Number of asset objects unloaded after import = 113
========================================================================
Received Import Request.
  Time since last request: 0.000012 seconds.
  path: Assets/Player ExplosiveLLC/RPG Character Animations/Animations/Unarmed/RPG-Character@Unarmed-Turn-Left-Loop.FBX
  artifactKey: Guid(ee3f6855efebfea47a86e97063404386) Importer(815301076,1909f56bfc062723c751e8b465ee728b)
Start importing Assets/Player ExplosiveLLC/RPG Character Animations/Animations/Unarmed/RPG-Character@Unarmed-Turn-Left-Loop.FBX using Guid(ee3f6855efebfea47a86e97063404386) Importer(815301076,1909f56bfc062723c751e8b465ee728b)  -> (artifact id: '6da3c1e779470fc6de169b98629596e1') in 0.006771 seconds
Number of updated asset objects reloaded before import = 0
Number of asset objects unloaded after import = 113
========================================================================
Received Import Request.
  Time since last request: 0.000039 seconds.
  path: Assets/Player ExplosiveLLC/RPG Character Animations/Animations/Unarmed/RPG-Character@Unarmed-Sheath.FBX
  artifactKey: Guid(70f1841474540264c96597c43c09b46c) Importer(815301076,1909f56bfc062723c751e8b465ee728b)
Start importing Assets/Player ExplosiveLLC/RPG Character Animations/Animations/Unarmed/RPG-Character@Unarmed-Sheath.FBX using Guid(70f1841474540264c96597c43c09b46c) Importer(815301076,1909f56bfc062723c751e8b465ee728b)  -> (artifact id: 'ca2fa9246da3b010a7ed35adc931eb27') in 0.009945 seconds
Number of updated asset objects reloaded before import = 0
Number of asset objects unloaded after import = 113
========================================================================
Received Import Request.
  Time since last request: 0.000013 seconds.
  path: Assets/Player ExplosiveLLC/RPG Character Animations/Animations/Unarmed/RPG-Character@Unarmed-Knockback-Back1.FBX
  artifactKey: Guid(8a97945fe1c9ff84f9f9a4369d5c4a74) Importer(815301076,1909f56bfc062723c751e8b465ee728b)
Start importing Assets/Player ExplosiveLLC/RPG Character Animations/Animations/Unarmed/RPG-Character@Unarmed-Knockback-Back1.FBX using Guid(8a97945fe1c9ff84f9f9a4369d5c4a74) Importer(815301076,1909f56bfc062723c751e8b465ee728b)  -> (artifact id: '371fe6c1eae55e703144fa8f682b7126') in 0.009388 seconds
Number of updated asset objects reloaded before import = 0
Number of asset objects unloaded after import = 113
========================================================================
Received Import Request.
  Time since last request: 0.000141 seconds.
  path: Assets/Player ExplosiveLLC/RPG Character Animations/Animations/Unarmed/RPG-Character@Unarmed-Sprint.FBX
  artifactKey: Guid(812f2cd37fa510d44b9f9fea481de77d) Importer(815301076,1909f56bfc062723c751e8b465ee728b)
Start importing Assets/Player ExplosiveLLC/RPG Character Animations/Animations/Unarmed/RPG-Character@Unarmed-Sprint.FBX using Guid(812f2cd37fa510d44b9f9fea481de77d) Importer(815301076,1909f56bfc062723c751e8b465ee728b)  -> (artifact id: 'ec307777d8653a6053283537213cb748') in 0.006320 seconds
Number of updated asset objects reloaded before import = 0
Number of asset objects unloaded after import = 113
========================================================================
Received Import Request.
  Time since last request: 0.000013 seconds.
  path: Assets/Player ExplosiveLLC/RPG Character Animations/Animations/Unarmed/RPG-Character@Unarmed-Turn-Right-Loop.FBX
  artifactKey: Guid(de933352199ce824fbb37e4c3b1ad632) Importer(815301076,1909f56bfc062723c751e8b465ee728b)
Start importing Assets/Player ExplosiveLLC/RPG Character Animations/Animations/Unarmed/RPG-Character@Unarmed-Turn-Right-Loop.FBX using Guid(de933352199ce824fbb37e4c3b1ad632) Importer(815301076,1909f56bfc062723c751e8b465ee728b)  -> (artifact id: '48681fcb24709be30bc62049aecaad0d') in 0.014479 seconds
Number of updated asset objects reloaded before import = 0
Number of asset objects unloaded after import = 113
========================================================================
Received Prepare
Begin MonoManager ReloadAssembly
- Loaded All Assemblies, in  0.464 seconds
Refreshing native plugins compatible for Editor in 3.26 ms, found 3 plugins.
Native extension for WindowsStandalone target not found
Native extension for WebGL target not found
[Package Manager] Server::EnsureServerProcessIsRunning -- launch failed, reason: Unity was launched with the -noUpm command-line argument
[Package Manager] UpmClient::Send -- Unable to send message (not connected to UPM process).
[Package Manager] Cannot connect to Unity Package Manager local server
Mono: successfully reloaded assembly
- Finished resetting the current domain, in  0.956 seconds
Domain Reload Profiling: 1418ms
	BeginReloadAssembly (140ms)
		ExecutionOrderSort (0ms)
		DisableScriptedObjects (4ms)
		BackupInstance (0ms)
		ReleaseScriptingObjects (0ms)
		CreateAndSetChildDomain (37ms)
	RebuildCommonClasses (27ms)
	RebuildNativeTypeToScriptingClass (8ms)
	initialDomainReloadingComplete (24ms)
	LoadAllAssembliesAndSetupDomain (261ms)
		LoadAssemblies (315ms)
		RebuildTransferFunctionScriptingTraits (0ms)
		AnalyzeDomain (16ms)
			TypeCache.Refresh (8ms)
				TypeCache.ScanAssembly (0ms)
			ScanForSourceGeneratedMonoScriptInfo (0ms)
			ResolveRequiredComponents (6ms)
	FinalizeReload (957ms)
		ReleaseScriptCaches (0ms)
		RebuildScriptCaches (0ms)
		SetupLoadedEditorAssemblies (463ms)
			LogAssemblyErrors (0ms)
			InitializePlatformSupportModulesInManaged (8ms)
			SetLoadedEditorAssemblies (5ms)
			RefreshPlugins (0ms)
			BeforeProcessingInitializeOnLoad (66ms)
			ProcessInitializeOnLoadAttributes (358ms)
			ProcessInitializeOnLoadMethodAttributes (19ms)
			AfterProcessingInitializeOnLoad (7ms)
			EditorAssembliesLoaded (0ms)
		ExecutionOrderSort2 (0ms)
		AwakeInstancesAfterBackupRestoration (6ms)
Refreshing native plugins compatible for Editor in 3.81 ms, found 3 plugins.
Preloading 0 native plugins for Editor in 0.00 ms.
Unloading 3652 Unused Serialized files (Serialized files now loaded: 0)
Unloading 25 unused Assets / (102.8 KB). Loaded Objects now: 4190.
Memory consumption went from 144.2 MB to 144.1 MB.
Total: 3.006100 ms (FindLiveObjects: 0.264300 ms CreateObjectMapping: 0.096800 ms MarkObjects: 2.581800 ms  DeleteObjects: 0.061500 ms)

Prepare: number of updated asset objects reloaded= 0
AssetImportParameters requested are different than current active one (requested -> active):
  custom:container-demuxer-ogg: 62fdf1f143b41e24485cea50d1cbac27 -> 
  custom:video-codec-MediaFoundation-h265: 746d11721c4dcdbdad8f713fa42b33f4 -> 
  custom:video-decoder-ogg-theora: a1e56fd34408186e4bbccfd4996cb3dc -> 
  custom:framework-win-MediaFoundation: 216162199b28c13a410421893ffa2e32 -> 
  custom:CustomObjectIndexerAttribute: 9a22284fe3817be447336de3de66b15e -> 
  custom:container-demuxer-webm: 4f35f7cbe854078d1ac9338744f61a02 -> 
  custom:container-muxer-webm: aa71ff27fc2769a1b78a27578f13a17b -> 
  custom:video-decoder-webm-vp8: 9c59270c3fd7afecdb556c50c9e8de78 -> 
  custom:SearchIndexIgnoredProperties: e643bd26f0fe6173181afceb89e7c659 -> 
  custom:AudioImporter_EditorPlatform: d09bf68614088b80899f8185d706f6e7 -> 
  custom:video-encoder-webm-vp8: eb34c28f22e8b96e1ab97ce403110664 -> 
  custom:audio-decoder-ogg-vorbis: bf7c407c2cedff20999df2af8eb42d56 -> 
  custom:audio-encoder-webm-vorbis: bf7c407c2cedff20999df2af8eb42d56 -> 
Editor requested this worker to shutdown with reason: Scaling down because of idle timeout
TcpMessagingSession - receive error: operation aborted. errorcode: 995, details: La operación de E/S se anuló por una salida de subproceso o por una solicitud de aplicación.
AssetImportWorker is now disconnected from the server
Process exiting
Exiting without the bug reporter. Application will terminate with return code 0